
// ==========================================================================
//  GPPG error listing for yacc source file <SimpleYacc.y>
// ==========================================================================
//  Version:  1.3.6
//  Machine:  MIL8A-316-05
//  DateTime: 02.03.2020 11:25:55
//  UserName: user
// ==========================================================================


%{
// Ýòè îáúÿâëåíèÿ äîáàâëÿþòñÿ â êëàññ GPPGParser, ïðåäñòàâëÿþùèé ñîáîé ïàðñåð, ãåíåðèðóåìûé ñèñòåìîé gppg
    public Parser(AbstractScanner<int, LexLocation> scanner) : base(scanner) { }
%}

%output = SimpleYacc.cs

%namespace SimpleParser

%token BEGIN END INUM BNUM ID ASSIGN SEMICOLON FOR COMMA COLON WHILE VAR IF ELSE
%%
// Warning: NonTerminal symbol "if" is unreachable
// -----------------------------------------------

progr   : block
		;

stlist	: statement 
		| stlist SEMICOLON statement 
		;

statement: assign
		| block  
		| for
		| while
		| var
		;

ident 	: ID 
		;
	
assign 	: ident ASSIGN expr 
		;

expr	: ident  
		| INUM 
		;

block	: BEGIN stlist END 
		;

for	: FOR ident ASSIGN INUM COMMA INUM statement 
		;

while : WHILE expr statement
	;

varlist : ident
		| varlist COMMA ident
		;
		
var : VAR varlist
	;

if : IF expr statement ELSE statement
	| IF expr statement
	;
%%
// ==========================================================================

